<?xml version="1.0" encoding="UTF-8"?>
<!-- Generated by org.testng.reporters.JUnitReportReporter -->
<testsuite hostname="Tarun-PC" name="Testcase.NewTest" tests="1" failures="0" timestamp="9 Oct 2021 18:15:39 GMT" time="6.837" errors="0">
  <testcase name="validLoginCred" time="6.837" classname="Testcase.NewTest"/>
</testsuite> <!-- Testcase.NewTest -->
